<?xml version="1.0" encoding="UTF-8"?>
<!-- Generated by org.testng.reporters.JUnitReportReporter -->
<testsuite hostname="LAPTOP-TO73PJJS" failures="0" tests="3" name="com.mindtree.runner.TestRunner" time="44.520" errors="0" timestamp="2022-01-03T18:14:13 IST" skipped="0">
  <testcase classname="com.mindtree.runner.TestRunner" name="runScenario" time="12.972"/>
  <testcase classname="com.mindtree.runner.TestRunner" name="runScenario" time="13.231"/>
  <testcase classname="com.mindtree.runner.TestRunner" name="runScenario" time="18.317"/>
</testsuite> <!-- com.mindtree.runner.TestRunner -->
